<?xml version="1.0" encoding="UTF-8"?>
<!-- Generated by org.testng.reporters.JUnitReportReporter -->
<testsuite skipped="0" hostname="Basha-PC" name="Practise.Test.RestAPITest" tests="2" failures="0" timestamp="20 Mar 2018 04:32:37 GMT" time="0.003" errors="0">
  <testcase name="postTwitter" time="0.002" classname="Practise.Test.RestAPITest"/>
  <testcase name="createBug" time="0.001" classname="Practise.Test.RestAPITest"/>
</testsuite> <!-- Practise.Test.RestAPITest -->
