<?xml version="1.0" encoding="UTF-8"?>
<!-- Generated by org.testng.reporters.JUnitReportReporter -->
<testsuite skipped="0" hostname="Basha-PC" name="Practise.Test.AppiumTest" tests="2" failures="0" timestamp="20 Mar 2018 04:32:37 GMT" time="0.022" errors="0">
  <testcase name="nativeAppAndroid" time="0.020" classname="Practise.Test.AppiumTest"/>
  <testcase name="nativeMobile" time="0.002" classname="Practise.Test.AppiumTest"/>
</testsuite> <!-- Practise.Test.AppiumTest -->
