<?xml version="1.0" encoding="UTF-8"?>
<!-- Generated by org.testng.reporters.JUnitReportReporter -->
<testsuite skipped="0" hostname="Basha-PC" name="Practise.Test.SeleniumTest" tests="2" failures="0" timestamp="21 Mar 2018 08:41:36 GMT" time="0.000" errors="0">
  <testcase name="elementSearch" time="0.000" classname="Practise.Test.SeleniumTest"/>
  <testcase name="openBrowser" time="0.000" classname="Practise.Test.SeleniumTest"/>
</testsuite> <!-- Practise.Test.SeleniumTest -->
