<?xml version="1.0" encoding="UTF-8"?>
<!-- Generated by org.testng.reporters.JUnitReportReporter -->
<testsuite skipped="0" hostname="Basha-PC" name="Practise.Test.AppiumTest" tests="2" failures="0" timestamp="21 Mar 2018 08:41:36 GMT" time="0.061" errors="0">
  <testcase name="nativeMobile" time="0.000" classname="Practise.Test.AppiumTest"/>
  <testcase name="nativeAppAndroid" time="0.061" classname="Practise.Test.AppiumTest"/>
</testsuite> <!-- Practise.Test.AppiumTest -->
